[2025-07-03 22:27:59] INFO in run: Logging configured with IST timezone.
[2025-07-03 22:28:05] INFO in run: Logging configured with IST timezone.
[2025-07-03 22:28:08] INFO in user_routes: [LOGIN] Successful login: akshay.tyloones@gmail.com
[2025-07-03 10:30:13 PM] INFO in run: Logging configured with IST timezone.
[2025-07-03 10:30:38 PM] INFO in user_routes: [LOGIN] Successful login: akshay.tyloones@gmail.com
[2025-07-03 10:31:19 PM] INFO in run: Logging configured with IST timezone.
[2025-07-03 10:32:06 PM] INFO in run: Logging configured with IST timezone.
[2025-07-04 11:19:16 AM] INFO in run: Logging configured with IST timezone.
[2025-07-04 11:19:25 AM] INFO in run: Logging configured with IST timezone.
[2025-07-04 11:22:24 AM] INFO in user_routes: [LOGIN] Successful login: akshay.tyloones@gmail.com
[2025-07-04 12:26:37 PM] INFO in run: Logging configured with IST timezone.
[2025-07-05 07:23:35 PM] INFO in run: Logging configured with IST timezone.
[2025-07-05 07:23:11 PM] INFO in run: Logging configured with IST timezone.
[2025-07-05 07:24:30 PM] INFO in user_routes: [LOGIN] Successful login: akshay.tyloones@gmail.com
[2025-07-05 07:25:23 PM] INFO in run: Logging configured with IST timezone.
[2025-07-05 07:27:42 PM] INFO in run: Logging configured with IST timezone.
[2025-07-05 07:27:58 PM] INFO in run: Logging configured with IST timezone.
[2025-07-05 07:28:11 PM] INFO in run: Logging configured with IST timezone.
[2025-07-05 07:31:32 PM] INFO in run: Logging configured with IST timezone.
[2025-07-05 07:31:38 PM] INFO in run: Logging configured with IST timezone.
[2025-07-05 07:38:52 PM] INFO in run: Logging configured with IST timezone.
[2025-07-05 07:40:54 PM] INFO in run: Logging configured with IST timezone.
[2025-07-05 07:41:00 PM] INFO in run: Logging configured with IST timezone.
[2025-07-05 07:44:00 PM] INFO in user_routes: [LOGIN] Successful login: roshan@gmail.com
[2025-07-08 09:59:45 PM] INFO in run: Logging configured with IST timezone.
[2025-07-08 09:59:50 PM] INFO in run: Logging configured with IST timezone.
[2025-07-08 10:01:45 PM] INFO in user_routes: [LOGIN] Successful login: roshan@gmail.com
[2025-07-08 10:02:52 PM] INFO in run: Logging configured with IST timezone.
[2025-07-19 10:43:52 PM] INFO in run: Logging configured with IST timezone.
[2025-07-19 10:44:03 PM] INFO in run: Logging configured with IST timezone.
[2025-07-19 10:45:42 PM] INFO in run: Logging configured with IST timezone.
[2025-07-19 10:45:56 PM] INFO in run: Logging configured with IST timezone.
[2025-07-19 10:48:37 PM] INFO in run: Logging configured with IST timezone.
[2025-07-19 10:48:44 PM] INFO in run: Logging configured with IST timezone.
[2025-07-19 10:49:52 PM] INFO in run: Logging configured with IST timezone.
[2025-07-19 10:50:41 PM] INFO in run: Logging configured with IST timezone.
[2025-07-19 10:51:14 PM] INFO in run: Logging configured with IST timezone.
[2025-07-19 10:51:32 PM] INFO in run: Logging configured with IST timezone.
[2025-08-09 08:46:15 PM] INFO in run: Logging configured with IST timezone.
[2025-08-09 08:46:24 PM] INFO in run: Logging configured with IST timezone.
[2025-08-09 08:48:44 PM] INFO in run: Logging configured with IST timezone.
[2025-08-09 09:09:12 PM] INFO in run: Logging configured with IST timezone.
[2025-08-09 09:09:17 PM] INFO in run: Logging configured with IST timezone.
[2025-08-09 09:09:42 PM] INFO in run: Logging configured with IST timezone.
[2025-08-09 09:16:33 PM] INFO in run: Logging configured with IST timezone.
[2025-08-09 09:16:39 PM] INFO in run: Logging configured with IST timezone.
[2025-08-09 09:18:14 PM] INFO in run: Logging configured with IST timezone.
[2025-08-09 09:20:08 PM] INFO in run: Logging configured with IST timezone.
